15:50:44:809 [ALWAYS]	GUDE Logging Started
15:50:44:809 [INFO]	SqliteResumeCache::SqliteResumeCache basedirectory is null/empty
15:50:44:809 [ERROR]	SqliteResumeCache::CreateSqliteResumeCache creating resume cache pointer failure
15:50:44:809 [ERROR]	Initialize resume cache pointer failure
15:50:44:809 [INFO]	gude policy POLICY_USER limit (2,2,1) chunk 2097152, chunking (UL 0 DL 1), resXfer 1, adapt 0, NSURL 0, timeout 86400 
15:50:44:809 [INFO]	Initialized -- gude-lib version: v0.12.1 app: gude
15:50:46:058 [WARN]	Ignoring attempt to reinit logging to \gude at level 4 retaining 3 days of logs
15:50:46:058 [INFO]	SqliteResumeCache::SqliteResumeCache basedirectory is null/empty
15:50:46:058 [ERROR]	SqliteResumeCache::CreateSqliteResumeCache creating resume cache pointer failure
15:50:46:058 [ERROR]	Initialize resume cache pointer failure
15:50:46:058 [INFO]	gude policy POLICY_USER limit (4,4,1) chunk 2097152, chunking (UL 0 DL 1), resXfer 1, adapt 0, NSURL 1, timeout 86400 
15:50:46:058 [INFO]	Initialized -- gude-lib version: v0.12.1 app: gude
15:51:48:789 [ALWAYS]	GUDE Logging Started
15:51:48:790 [INFO]	SqliteResumeCache::SqliteResumeCache basedirectory is null/empty
15:51:48:790 [ERROR]	SqliteResumeCache::CreateSqliteResumeCache creating resume cache pointer failure
15:51:48:790 [ERROR]	Initialize resume cache pointer failure
15:51:48:790 [INFO]	gude policy POLICY_USER limit (2,2,1) chunk 2097152, chunking (UL 0 DL 1), resXfer 1, adapt 0, NSURL 0, timeout 86400 
15:51:48:790 [INFO]	Initialized -- gude-lib version: v0.12.1 app: gude
15:51:49:993 [WARN]	Ignoring attempt to reinit logging to \gude at level 4 retaining 3 days of logs
15:51:49:993 [INFO]	SqliteResumeCache::SqliteResumeCache basedirectory is null/empty
15:51:49:993 [ERROR]	SqliteResumeCache::CreateSqliteResumeCache creating resume cache pointer failure
15:51:49:993 [ERROR]	Initialize resume cache pointer failure
15:51:49:993 [INFO]	gude policy POLICY_USER limit (4,4,1) chunk 2097152, chunking (UL 0 DL 1), resXfer 1, adapt 0, NSURL 1, timeout 86400 
15:51:49:993 [INFO]	Initialized -- gude-lib version: v0.12.1 app: gude
